20:16:46.931 [restartedMain] INFO  c.b.d.api.BrqDesafioApiApplication - Starting BrqDesafioApiApplication on NoteEbx-Rafael with PID 94280 (/home/rafael/Documentos/labs/java/brq-desafio-api/target/classes started by rafael in /home/rafael/Documentos/labs/java/brq-desafio-api)
20:16:46.940 [restartedMain] INFO  c.b.d.api.BrqDesafioApiApplication - No active profile set, falling back to default profiles: default
20:16:47.046 [restartedMain] INFO  o.s.b.d.e.DevToolsPropertyDefaultsPostProcessor - Devtools property defaults active! Set 'spring.devtools.add-properties' to 'false' to disable
20:16:47.047 [restartedMain] INFO  o.s.b.d.e.DevToolsPropertyDefaultsPostProcessor - For additional web related logging consider setting the 'logging.level.web' property to 'DEBUG'
20:16:48.058 [restartedMain] INFO  o.s.d.r.c.RepositoryConfigurationDelegate - Bootstrapping Spring Data JPA repositories in DEFERRED mode.
20:16:48.110 [restartedMain] INFO  o.s.d.r.c.RepositoryConfigurationDelegate - Finished Spring Data repository scanning in 44ms. Found 1 JPA repository interfaces.
20:16:48.827 [restartedMain] INFO  o.s.b.w.e.tomcat.TomcatWebServer - Tomcat initialized with port(s): 8080 (http)
20:16:48.838 [restartedMain] INFO  o.a.coyote.http11.Http11NioProtocol - Initializing ProtocolHandler ["http-nio-8080"]
20:16:48.839 [restartedMain] INFO  o.a.catalina.core.StandardService - Starting service [Tomcat]
20:16:48.840 [restartedMain] INFO  o.a.catalina.core.StandardEngine - Starting Servlet engine: [Apache Tomcat/9.0.37]
20:16:48.932 [restartedMain] INFO  o.a.c.c.C.[.[localhost].[/api/v1] - Initializing Spring embedded WebApplicationContext
20:16:48.933 [restartedMain] INFO  o.s.b.w.s.c.ServletWebServerApplicationContext - Root WebApplicationContext: initialization completed in 1885 ms
20:16:48.999 [restartedMain] INFO  com.zaxxer.hikari.HikariDataSource - HikariPool-1 - Starting...
20:16:49.263 [restartedMain] INFO  com.zaxxer.hikari.HikariDataSource - HikariPool-1 - Start completed.
20:16:49.270 [restartedMain] INFO  o.s.b.a.h.H2ConsoleAutoConfiguration - H2 console available at '/h2-console'. Database available at 'jdbc:h2:mem:brq-desafio'
20:16:49.410 [restartedMain] INFO  o.s.s.c.ThreadPoolTaskExecutor - Initializing ExecutorService 'applicationTaskExecutor'
20:16:49.422 [restartedMain] INFO  o.s.s.c.ThreadPoolTaskScheduler - Initializing ExecutorService 'taskScheduler'
20:16:49.452 [task-1] INFO  o.h.jpa.internal.util.LogHelper - HHH000204: Processing PersistenceUnitInfo [name: default]
20:16:49.506 [task-1] INFO  org.hibernate.Version - HHH000412: Hibernate ORM core version 5.4.18.Final
20:16:49.618 [task-1] INFO  o.h.annotations.common.Version - HCANN000001: Hibernate Commons Annotations {5.1.0.Final}
20:16:49.733 [task-1] INFO  org.hibernate.dialect.Dialect - HHH000400: Using dialect: org.hibernate.dialect.H2Dialect
20:16:49.798 [restartedMain] WARN  o.s.b.a.o.j.JpaBaseConfiguration$JpaWebConfiguration - spring.jpa.open-in-view is enabled by default. Therefore, database queries may be performed during view rendering. Explicitly configure spring.jpa.open-in-view to disable this warning
20:16:49.960 [restartedMain] INFO  s.d.s.w.PropertySourcedRequestMappingHandlerMapping - Mapped URL path [/v2/api-docs] onto method [springfox.documentation.swagger2.web.Swagger2Controller#getDocumentation(String, HttpServletRequest)]
20:16:50.120 [restartedMain] INFO  o.s.b.d.a.OptionalLiveReloadServer - LiveReload server is running on port 35729
20:16:50.281 [restartedMain] WARN  o.s.b.a.batch.JpaBatchConfigurer - JPA does not support custom isolation levels, so locks may not be taken when launching Jobs
20:16:50.283 [restartedMain] INFO  o.s.b.c.r.s.JobRepositoryFactoryBean - No database type set, using meta data indicating: H2
20:16:50.298 [restartedMain] INFO  o.s.b.c.l.support.SimpleJobLauncher - No TaskExecutor has been set, defaulting to synchronous executor.
20:16:50.422 [restartedMain] INFO  o.a.coyote.http11.Http11NioProtocol - Starting ProtocolHandler ["http-nio-8080"]
20:16:50.443 [restartedMain] INFO  o.s.b.w.e.tomcat.TomcatWebServer - Tomcat started on port(s): 8080 (http) with context path '/api/v1'
20:16:50.445 [restartedMain] INFO  s.d.s.w.p.DocumentationPluginsBootstrapper - Context refreshed
20:16:50.466 [restartedMain] INFO  s.d.s.w.p.DocumentationPluginsBootstrapper - Found 1 custom documentation plugin(s)
20:16:50.481 [task-1] INFO  o.h.e.t.j.p.i.JtaPlatformInitiator - HHH000490: Using JtaPlatform implementation: [org.hibernate.engine.transaction.jta.platform.internal.NoJtaPlatform]
20:16:50.489 [task-1] INFO  o.s.o.j.LocalContainerEntityManagerFactoryBean - Initialized JPA EntityManagerFactory for persistence unit 'default'
20:16:50.502 [restartedMain] INFO  s.d.s.w.s.ApiListingReferenceScanner - Scanning for api listing references
20:16:50.658 [restartedMain] INFO  o.s.d.r.c.DeferredRepositoryInitializationListener - Triggering deferred initialization of Spring Data repositories…
20:16:51.115 [restartedMain] INFO  o.s.d.r.c.DeferredRepositoryInitializationListener - Spring Data repositories initialized!
20:16:51.126 [restartedMain] INFO  c.b.d.api.BrqDesafioApiApplication - Started BrqDesafioApiApplication in 4.745 seconds (JVM running for 5.494)
20:16:51.176 [scheduling-1] INFO  o.s.b.c.l.support.SimpleJobLauncher - Job: [SimpleJob: [name=usuariosCSV]] launched with the following parameters: [{JobID=1597274211125, date=1597274211125}]
20:16:51.205 [scheduling-1] INFO  c.b.d.api.job.listener.JobListener - Iniciou o Job 1 (STARTED)
20:16:51.217 [scheduling-1] INFO  o.s.batch.core.job.SimpleStepHandler - Executing step: [step]
20:16:51.223 [scheduling-1] INFO  c.b.d.api.job.listener.StepListener - Inicio do passo step (STARTED)
20:16:51.226 [scheduling-1] ERROR o.s.batch.core.step.AbstractStep - Encountered an error executing step step in job usuariosCSV
java.lang.IllegalArgumentException: Resources must be set
	at org.springframework.util.Assert.notNull(Assert.java:201)
	at org.springframework.batch.item.file.MultiResourceItemReader.open(MultiResourceItemReader.java:171)
	at org.springframework.batch.item.support.CompositeItemStream.open(CompositeItemStream.java:103)
	at org.springframework.batch.core.step.item.ChunkMonitor.open(ChunkMonitor.java:114)
	at org.springframework.batch.item.support.CompositeItemStream.open(CompositeItemStream.java:103)
	at org.springframework.batch.core.step.tasklet.TaskletStep.open(TaskletStep.java:311)
	at org.springframework.batch.core.step.AbstractStep.execute(AbstractStep.java:205)
	at org.springframework.batch.core.job.SimpleStepHandler.handleStep(SimpleStepHandler.java:148)
	at org.springframework.batch.core.job.AbstractJob.handleStep(AbstractJob.java:410)
	at org.springframework.batch.core.job.SimpleJob.doExecute(SimpleJob.java:136)
	at org.springframework.batch.core.job.AbstractJob.execute(AbstractJob.java:319)
	at org.springframework.batch.core.launch.support.SimpleJobLauncher$1.run(SimpleJobLauncher.java:147)
	at org.springframework.core.task.SyncTaskExecutor.execute(SyncTaskExecutor.java:50)
	at org.springframework.batch.core.launch.support.SimpleJobLauncher.run(SimpleJobLauncher.java:140)
	at sun.reflect.NativeMethodAccessorImpl.invoke0(Native Method)
	at sun.reflect.NativeMethodAccessorImpl.invoke(NativeMethodAccessorImpl.java:62)
	at sun.reflect.DelegatingMethodAccessorImpl.invoke(DelegatingMethodAccessorImpl.java:43)
	at java.lang.reflect.Method.invoke(Method.java:498)
	at org.springframework.aop.support.AopUtils.invokeJoinpointUsingReflection(AopUtils.java:344)
	at org.springframework.aop.framework.ReflectiveMethodInvocation.invokeJoinpoint(ReflectiveMethodInvocation.java:198)
	at org.springframework.aop.framework.ReflectiveMethodInvocation.proceed(ReflectiveMethodInvocation.java:163)
	at org.springframework.batch.core.configuration.annotation.SimpleBatchConfiguration$PassthruAdvice.invoke(SimpleBatchConfiguration.java:127)
	at org.springframework.aop.framework.ReflectiveMethodInvocation.proceed(ReflectiveMethodInvocation.java:186)
	at org.springframework.aop.framework.JdkDynamicAopProxy.invoke(JdkDynamicAopProxy.java:212)
	at com.sun.proxy.$Proxy90.run(Unknown Source)
	at com.brq.desafio.api.job.ExecutorJob.execute(ExecutorJob.java:28)
	at sun.reflect.NativeMethodAccessorImpl.invoke0(Native Method)
	at sun.reflect.NativeMethodAccessorImpl.invoke(NativeMethodAccessorImpl.java:62)
	at sun.reflect.DelegatingMethodAccessorImpl.invoke(DelegatingMethodAccessorImpl.java:43)
	at java.lang.reflect.Method.invoke(Method.java:498)
	at org.springframework.scheduling.support.ScheduledMethodRunnable.run(ScheduledMethodRunnable.java:84)
	at org.springframework.scheduling.support.DelegatingErrorHandlingRunnable.run(DelegatingErrorHandlingRunnable.java:54)
	at java.util.concurrent.Executors$RunnableAdapter.call(Executors.java:511)
	at java.util.concurrent.FutureTask.runAndReset(FutureTask.java:308)
	at java.util.concurrent.ScheduledThreadPoolExecutor$ScheduledFutureTask.access$301(ScheduledThreadPoolExecutor.java:180)
	at java.util.concurrent.ScheduledThreadPoolExecutor$ScheduledFutureTask.run(ScheduledThreadPoolExecutor.java:294)
	at java.util.concurrent.ThreadPoolExecutor.runWorker(ThreadPoolExecutor.java:1149)
	at java.util.concurrent.ThreadPoolExecutor$Worker.run(ThreadPoolExecutor.java:624)
	at java.lang.Thread.run(Thread.java:748)
20:16:51.227 [scheduling-1] INFO  c.b.d.api.job.listener.StepListener - Fim do passo step (FAILED)
20:16:51.233 [scheduling-1] INFO  o.s.batch.core.step.AbstractStep - Step: [step] executed in 15ms
20:16:51.236 [scheduling-1] ERROR o.s.batch.core.step.AbstractStep - Exception while closing step execution resources in step step in job usuariosCSV
java.lang.NullPointerException: null
	at org.springframework.batch.item.file.MultiResourceItemReader.close(MultiResourceItemReader.java:158)
	at org.springframework.batch.item.support.CompositeItemStream.close(CompositeItemStream.java:89)
	at org.springframework.batch.core.step.item.ChunkMonitor.close(ChunkMonitor.java:106)
	at org.springframework.batch.item.support.CompositeItemStream.close(CompositeItemStream.java:89)
	at org.springframework.batch.core.step.tasklet.TaskletStep.close(TaskletStep.java:306)
	at org.springframework.batch.core.step.AbstractStep.execute(AbstractStep.java:286)
	at org.springframework.batch.core.job.SimpleStepHandler.handleStep(SimpleStepHandler.java:148)
	at org.springframework.batch.core.job.AbstractJob.handleStep(AbstractJob.java:410)
	at org.springframework.batch.core.job.SimpleJob.doExecute(SimpleJob.java:136)
	at org.springframework.batch.core.job.AbstractJob.execute(AbstractJob.java:319)
	at org.springframework.batch.core.launch.support.SimpleJobLauncher$1.run(SimpleJobLauncher.java:147)
	at org.springframework.core.task.SyncTaskExecutor.execute(SyncTaskExecutor.java:50)
	at org.springframework.batch.core.launch.support.SimpleJobLauncher.run(SimpleJobLauncher.java:140)
	at sun.reflect.NativeMethodAccessorImpl.invoke0(Native Method)
	at sun.reflect.NativeMethodAccessorImpl.invoke(NativeMethodAccessorImpl.java:62)
	at sun.reflect.DelegatingMethodAccessorImpl.invoke(DelegatingMethodAccessorImpl.java:43)
	at java.lang.reflect.Method.invoke(Method.java:498)
	at org.springframework.aop.support.AopUtils.invokeJoinpointUsingReflection(AopUtils.java:344)
	at org.springframework.aop.framework.ReflectiveMethodInvocation.invokeJoinpoint(ReflectiveMethodInvocation.java:198)
	at org.springframework.aop.framework.ReflectiveMethodInvocation.proceed(ReflectiveMethodInvocation.java:163)
	at org.springframework.batch.core.configuration.annotation.SimpleBatchConfiguration$PassthruAdvice.invoke(SimpleBatchConfiguration.java:127)
	at org.springframework.aop.framework.ReflectiveMethodInvocation.proceed(ReflectiveMethodInvocation.java:186)
	at org.springframework.aop.framework.JdkDynamicAopProxy.invoke(JdkDynamicAopProxy.java:212)
	at com.sun.proxy.$Proxy90.run(Unknown Source)
	at com.brq.desafio.api.job.ExecutorJob.execute(ExecutorJob.java:28)
	at sun.reflect.NativeMethodAccessorImpl.invoke0(Native Method)
	at sun.reflect.NativeMethodAccessorImpl.invoke(NativeMethodAccessorImpl.java:62)
	at sun.reflect.DelegatingMethodAccessorImpl.invoke(DelegatingMethodAccessorImpl.java:43)
	at java.lang.reflect.Method.invoke(Method.java:498)
	at org.springframework.scheduling.support.ScheduledMethodRunnable.run(ScheduledMethodRunnable.java:84)
	at org.springframework.scheduling.support.DelegatingErrorHandlingRunnable.run(DelegatingErrorHandlingRunnable.java:54)
	at java.util.concurrent.Executors$RunnableAdapter.call(Executors.java:511)
	at java.util.concurrent.FutureTask.runAndReset(FutureTask.java:308)
	at java.util.concurrent.ScheduledThreadPoolExecutor$ScheduledFutureTask.access$301(ScheduledThreadPoolExecutor.java:180)
	at java.util.concurrent.ScheduledThreadPoolExecutor$ScheduledFutureTask.run(ScheduledThreadPoolExecutor.java:294)
	at java.util.concurrent.ThreadPoolExecutor.runWorker(ThreadPoolExecutor.java:1149)
	at java.util.concurrent.ThreadPoolExecutor$Worker.run(ThreadPoolExecutor.java:624)
	at java.lang.Thread.run(Thread.java:748)
20:16:51.241 [scheduling-1] INFO  c.b.d.api.job.listener.JobListener - Iniciou o Job 1 (FAILED)
20:16:51.244 [scheduling-1] INFO  o.s.b.c.l.support.SimpleJobLauncher - Job: [SimpleJob: [name=usuariosCSV]] completed with the following parameters: [{JobID=1597274211125, date=1597274211125}] and the following status: [FAILED] in 46ms
20:17:21.130 [scheduling-1] INFO  o.s.b.c.l.support.SimpleJobLauncher - Job: [SimpleJob: [name=usuariosCSV]] launched with the following parameters: [{JobID=1597274241124, date=1597274241124}]
20:17:21.134 [scheduling-1] INFO  c.b.d.api.job.listener.JobListener - Iniciou o Job 2 (STARTED)
20:17:21.144 [scheduling-1] INFO  o.s.batch.core.job.SimpleStepHandler - Executing step: [step]
20:17:21.147 [scheduling-1] INFO  c.b.d.api.job.listener.StepListener - Inicio do passo step (STARTED)
20:17:21.147 [scheduling-1] ERROR o.s.batch.core.step.AbstractStep - Encountered an error executing step step in job usuariosCSV
java.lang.IllegalArgumentException: Resources must be set
	at org.springframework.util.Assert.notNull(Assert.java:201)
	at org.springframework.batch.item.file.MultiResourceItemReader.open(MultiResourceItemReader.java:171)
	at org.springframework.batch.item.support.CompositeItemStream.open(CompositeItemStream.java:103)
	at org.springframework.batch.core.step.item.ChunkMonitor.open(ChunkMonitor.java:114)
	at org.springframework.batch.item.support.CompositeItemStream.open(CompositeItemStream.java:103)
	at org.springframework.batch.core.step.tasklet.TaskletStep.open(TaskletStep.java:311)
	at org.springframework.batch.core.step.AbstractStep.execute(AbstractStep.java:205)
	at org.springframework.batch.core.job.SimpleStepHandler.handleStep(SimpleStepHandler.java:148)
	at org.springframework.batch.core.job.AbstractJob.handleStep(AbstractJob.java:410)
	at org.springframework.batch.core.job.SimpleJob.doExecute(SimpleJob.java:136)
	at org.springframework.batch.core.job.AbstractJob.execute(AbstractJob.java:319)
	at org.springframework.batch.core.launch.support.SimpleJobLauncher$1.run(SimpleJobLauncher.java:147)
	at org.springframework.core.task.SyncTaskExecutor.execute(SyncTaskExecutor.java:50)
	at org.springframework.batch.core.launch.support.SimpleJobLauncher.run(SimpleJobLauncher.java:140)
	at sun.reflect.NativeMethodAccessorImpl.invoke0(Native Method)
	at sun.reflect.NativeMethodAccessorImpl.invoke(NativeMethodAccessorImpl.java:62)
	at sun.reflect.DelegatingMethodAccessorImpl.invoke(DelegatingMethodAccessorImpl.java:43)
	at java.lang.reflect.Method.invoke(Method.java:498)
	at org.springframework.aop.support.AopUtils.invokeJoinpointUsingReflection(AopUtils.java:344)
	at org.springframework.aop.framework.ReflectiveMethodInvocation.invokeJoinpoint(ReflectiveMethodInvocation.java:198)
	at org.springframework.aop.framework.ReflectiveMethodInvocation.proceed(ReflectiveMethodInvocation.java:163)
	at org.springframework.batch.core.configuration.annotation.SimpleBatchConfiguration$PassthruAdvice.invoke(SimpleBatchConfiguration.java:127)
	at org.springframework.aop.framework.ReflectiveMethodInvocation.proceed(ReflectiveMethodInvocation.java:186)
	at org.springframework.aop.framework.JdkDynamicAopProxy.invoke(JdkDynamicAopProxy.java:212)
	at com.sun.proxy.$Proxy90.run(Unknown Source)
	at com.brq.desafio.api.job.ExecutorJob.execute(ExecutorJob.java:28)
	at sun.reflect.NativeMethodAccessorImpl.invoke0(Native Method)
	at sun.reflect.NativeMethodAccessorImpl.invoke(NativeMethodAccessorImpl.java:62)
	at sun.reflect.DelegatingMethodAccessorImpl.invoke(DelegatingMethodAccessorImpl.java:43)
	at java.lang.reflect.Method.invoke(Method.java:498)
	at org.springframework.scheduling.support.ScheduledMethodRunnable.run(ScheduledMethodRunnable.java:84)
	at org.springframework.scheduling.support.DelegatingErrorHandlingRunnable.run(DelegatingErrorHandlingRunnable.java:54)
	at java.util.concurrent.Executors$RunnableAdapter.call(Executors.java:511)
	at java.util.concurrent.FutureTask.runAndReset(FutureTask.java:308)
	at java.util.concurrent.ScheduledThreadPoolExecutor$ScheduledFutureTask.access$301(ScheduledThreadPoolExecutor.java:180)
	at java.util.concurrent.ScheduledThreadPoolExecutor$ScheduledFutureTask.run(ScheduledThreadPoolExecutor.java:294)
	at java.util.concurrent.ThreadPoolExecutor.runWorker(ThreadPoolExecutor.java:1149)
	at java.util.concurrent.ThreadPoolExecutor$Worker.run(ThreadPoolExecutor.java:624)
	at java.lang.Thread.run(Thread.java:748)
20:17:21.148 [scheduling-1] INFO  c.b.d.api.job.listener.StepListener - Fim do passo step (FAILED)
20:17:21.149 [scheduling-1] INFO  o.s.batch.core.step.AbstractStep - Step: [step] executed in 4ms
20:17:21.152 [scheduling-1] ERROR o.s.batch.core.step.AbstractStep - Exception while closing step execution resources in step step in job usuariosCSV
java.lang.NullPointerException: null
	at org.springframework.batch.item.file.MultiResourceItemReader.close(MultiResourceItemReader.java:158)
	at org.springframework.batch.item.support.CompositeItemStream.close(CompositeItemStream.java:89)
	at org.springframework.batch.core.step.item.ChunkMonitor.close(ChunkMonitor.java:106)
	at org.springframework.batch.item.support.CompositeItemStream.close(CompositeItemStream.java:89)
	at org.springframework.batch.core.step.tasklet.TaskletStep.close(TaskletStep.java:306)
	at org.springframework.batch.core.step.AbstractStep.execute(AbstractStep.java:286)
	at org.springframework.batch.core.job.SimpleStepHandler.handleStep(SimpleStepHandler.java:148)
	at org.springframework.batch.core.job.AbstractJob.handleStep(AbstractJob.java:410)
	at org.springframework.batch.core.job.SimpleJob.doExecute(SimpleJob.java:136)
	at org.springframework.batch.core.job.AbstractJob.execute(AbstractJob.java:319)
	at org.springframework.batch.core.launch.support.SimpleJobLauncher$1.run(SimpleJobLauncher.java:147)
	at org.springframework.core.task.SyncTaskExecutor.execute(SyncTaskExecutor.java:50)
	at org.springframework.batch.core.launch.support.SimpleJobLauncher.run(SimpleJobLauncher.java:140)
	at sun.reflect.NativeMethodAccessorImpl.invoke0(Native Method)
	at sun.reflect.NativeMethodAccessorImpl.invoke(NativeMethodAccessorImpl.java:62)
	at sun.reflect.DelegatingMethodAccessorImpl.invoke(DelegatingMethodAccessorImpl.java:43)
	at java.lang.reflect.Method.invoke(Method.java:498)
	at org.springframework.aop.support.AopUtils.invokeJoinpointUsingReflection(AopUtils.java:344)
	at org.springframework.aop.framework.ReflectiveMethodInvocation.invokeJoinpoint(ReflectiveMethodInvocation.java:198)
	at org.springframework.aop.framework.ReflectiveMethodInvocation.proceed(ReflectiveMethodInvocation.java:163)
	at org.springframework.batch.core.configuration.annotation.SimpleBatchConfiguration$PassthruAdvice.invoke(SimpleBatchConfiguration.java:127)
	at org.springframework.aop.framework.ReflectiveMethodInvocation.proceed(ReflectiveMethodInvocation.java:186)
	at org.springframework.aop.framework.JdkDynamicAopProxy.invoke(JdkDynamicAopProxy.java:212)
	at com.sun.proxy.$Proxy90.run(Unknown Source)
	at com.brq.desafio.api.job.ExecutorJob.execute(ExecutorJob.java:28)
	at sun.reflect.NativeMethodAccessorImpl.invoke0(Native Method)
	at sun.reflect.NativeMethodAccessorImpl.invoke(NativeMethodAccessorImpl.java:62)
	at sun.reflect.DelegatingMethodAccessorImpl.invoke(DelegatingMethodAccessorImpl.java:43)
	at java.lang.reflect.Method.invoke(Method.java:498)
	at org.springframework.scheduling.support.ScheduledMethodRunnable.run(ScheduledMethodRunnable.java:84)
	at org.springframework.scheduling.support.DelegatingErrorHandlingRunnable.run(DelegatingErrorHandlingRunnable.java:54)
	at java.util.concurrent.Executors$RunnableAdapter.call(Executors.java:511)
	at java.util.concurrent.FutureTask.runAndReset(FutureTask.java:308)
	at java.util.concurrent.ScheduledThreadPoolExecutor$ScheduledFutureTask.access$301(ScheduledThreadPoolExecutor.java:180)
	at java.util.concurrent.ScheduledThreadPoolExecutor$ScheduledFutureTask.run(ScheduledThreadPoolExecutor.java:294)
	at java.util.concurrent.ThreadPoolExecutor.runWorker(ThreadPoolExecutor.java:1149)
	at java.util.concurrent.ThreadPoolExecutor$Worker.run(ThreadPoolExecutor.java:624)
	at java.lang.Thread.run(Thread.java:748)
20:17:21.155 [scheduling-1] INFO  c.b.d.api.job.listener.JobListener - Iniciou o Job 2 (FAILED)
20:17:21.159 [scheduling-1] INFO  o.s.b.c.l.support.SimpleJobLauncher - Job: [SimpleJob: [name=usuariosCSV]] completed with the following parameters: [{JobID=1597274241124, date=1597274241124}] and the following status: [FAILED] in 25ms
20:17:34.268 [RMI TCP Connection(10)-127.0.0.1] INFO  o.s.b.a.SpringApplicationAdminMXBeanRegistrar$SpringApplicationAdmin - Application shutdown requested.
20:17:34.298 [RMI TCP Connection(10)-127.0.0.1] WARN  o.s.b.f.s.DisposableBeanAdapter - Destroy method 'close' on bean with name 'multiResourceItemReader' threw an exception: java.lang.NullPointerException
20:17:34.298 [RMI TCP Connection(10)-127.0.0.1] INFO  o.s.o.j.LocalContainerEntityManagerFactoryBean - Closing JPA EntityManagerFactory for persistence unit 'default'
20:17:34.302 [RMI TCP Connection(10)-127.0.0.1] INFO  o.s.s.c.ThreadPoolTaskScheduler - Shutting down ExecutorService 'taskScheduler'
20:17:34.303 [RMI TCP Connection(10)-127.0.0.1] INFO  o.s.s.c.ThreadPoolTaskExecutor - Shutting down ExecutorService 'applicationTaskExecutor'
20:17:34.510 [RMI TCP Connection(10)-127.0.0.1] WARN  o.s.b.f.s.DisposableBeanAdapter - Invocation of destroy method failed on bean with name 'inMemoryDatabaseShutdownExecutor': org.h2.jdbc.JdbcSQLNonTransientConnectionException: Database is already closed (to disable automatic closing at VM shutdown, add ";DB_CLOSE_ON_EXIT=FALSE" to the db URL) [90121-200]
20:17:34.510 [RMI TCP Connection(10)-127.0.0.1] INFO  com.zaxxer.hikari.HikariDataSource - HikariPool-1 - Shutdown initiated...
20:17:34.512 [RMI TCP Connection(10)-127.0.0.1] INFO  com.zaxxer.hikari.HikariDataSource - HikariPool-1 - Shutdown completed.
20:18:55.995 [restartedMain] INFO  c.b.d.api.BrqDesafioApiApplication - Starting BrqDesafioApiApplication on NoteEbx-Rafael with PID 94577 (/home/rafael/Documentos/labs/java/brq-desafio-api/target/classes started by rafael in /home/rafael/Documentos/labs/java/brq-desafio-api)
20:18:56.000 [restartedMain] INFO  c.b.d.api.BrqDesafioApiApplication - No active profile set, falling back to default profiles: default
20:18:56.075 [restartedMain] INFO  o.s.b.d.e.DevToolsPropertyDefaultsPostProcessor - Devtools property defaults active! Set 'spring.devtools.add-properties' to 'false' to disable
20:18:56.075 [restartedMain] INFO  o.s.b.d.e.DevToolsPropertyDefaultsPostProcessor - For additional web related logging consider setting the 'logging.level.web' property to 'DEBUG'
20:18:56.932 [restartedMain] INFO  o.s.d.r.c.RepositoryConfigurationDelegate - Bootstrapping Spring Data JPA repositories in DEFERRED mode.
20:18:56.982 [restartedMain] INFO  o.s.d.r.c.RepositoryConfigurationDelegate - Finished Spring Data repository scanning in 43ms. Found 1 JPA repository interfaces.
20:18:57.733 [restartedMain] INFO  o.s.b.w.e.tomcat.TomcatWebServer - Tomcat initialized with port(s): 8080 (http)
20:18:57.747 [restartedMain] INFO  o.a.coyote.http11.Http11NioProtocol - Initializing ProtocolHandler ["http-nio-8080"]
20:18:57.749 [restartedMain] INFO  o.a.catalina.core.StandardService - Starting service [Tomcat]
20:18:57.750 [restartedMain] INFO  o.a.catalina.core.StandardEngine - Starting Servlet engine: [Apache Tomcat/9.0.37]
20:18:57.844 [restartedMain] INFO  o.a.c.c.C.[.[localhost].[/api/v1] - Initializing Spring embedded WebApplicationContext
20:18:57.845 [restartedMain] INFO  o.s.b.w.s.c.ServletWebServerApplicationContext - Root WebApplicationContext: initialization completed in 1770 ms
20:18:57.912 [restartedMain] INFO  com.zaxxer.hikari.HikariDataSource - HikariPool-1 - Starting...
20:18:58.182 [restartedMain] INFO  com.zaxxer.hikari.HikariDataSource - HikariPool-1 - Start completed.
20:18:58.191 [restartedMain] INFO  o.s.b.a.h.H2ConsoleAutoConfiguration - H2 console available at '/h2-console'. Database available at 'jdbc:h2:mem:brq-desafio'
20:18:58.298 [restartedMain] INFO  o.s.s.c.ThreadPoolTaskExecutor - Initializing ExecutorService 'applicationTaskExecutor'
20:18:58.309 [restartedMain] INFO  o.s.s.c.ThreadPoolTaskScheduler - Initializing ExecutorService 'taskScheduler'
20:18:58.342 [task-1] INFO  o.h.jpa.internal.util.LogHelper - HHH000204: Processing PersistenceUnitInfo [name: default]
20:18:58.395 [task-1] INFO  org.hibernate.Version - HHH000412: Hibernate ORM core version 5.4.18.Final
20:18:58.530 [task-1] INFO  o.h.annotations.common.Version - HCANN000001: Hibernate Commons Annotations {5.1.0.Final}
20:18:58.642 [task-1] INFO  org.hibernate.dialect.Dialect - HHH000400: Using dialect: org.hibernate.dialect.H2Dialect
20:18:58.735 [restartedMain] WARN  o.s.b.a.o.j.JpaBaseConfiguration$JpaWebConfiguration - spring.jpa.open-in-view is enabled by default. Therefore, database queries may be performed during view rendering. Explicitly configure spring.jpa.open-in-view to disable this warning
20:18:58.901 [restartedMain] INFO  s.d.s.w.PropertySourcedRequestMappingHandlerMapping - Mapped URL path [/v2/api-docs] onto method [springfox.documentation.swagger2.web.Swagger2Controller#getDocumentation(String, HttpServletRequest)]
20:18:59.055 [restartedMain] INFO  o.s.b.d.a.OptionalLiveReloadServer - LiveReload server is running on port 35729
20:18:59.250 [restartedMain] WARN  o.s.b.a.batch.JpaBatchConfigurer - JPA does not support custom isolation levels, so locks may not be taken when launching Jobs
20:18:59.252 [restartedMain] INFO  o.s.b.c.r.s.JobRepositoryFactoryBean - No database type set, using meta data indicating: H2
20:18:59.269 [restartedMain] INFO  o.s.b.c.l.support.SimpleJobLauncher - No TaskExecutor has been set, defaulting to synchronous executor.
20:18:59.375 [restartedMain] INFO  o.a.coyote.http11.Http11NioProtocol - Starting ProtocolHandler ["http-nio-8080"]
20:18:59.393 [task-1] INFO  o.h.e.t.j.p.i.JtaPlatformInitiator - HHH000490: Using JtaPlatform implementation: [org.hibernate.engine.transaction.jta.platform.internal.NoJtaPlatform]
20:18:59.398 [restartedMain] INFO  o.s.b.w.e.tomcat.TomcatWebServer - Tomcat started on port(s): 8080 (http) with context path '/api/v1'
20:18:59.399 [restartedMain] INFO  s.d.s.w.p.DocumentationPluginsBootstrapper - Context refreshed
20:18:59.402 [task-1] INFO  o.s.o.j.LocalContainerEntityManagerFactoryBean - Initialized JPA EntityManagerFactory for persistence unit 'default'
20:18:59.412 [restartedMain] INFO  s.d.s.w.p.DocumentationPluginsBootstrapper - Found 1 custom documentation plugin(s)
20:18:59.444 [restartedMain] INFO  s.d.s.w.s.ApiListingReferenceScanner - Scanning for api listing references
20:18:59.595 [restartedMain] INFO  o.s.d.r.c.DeferredRepositoryInitializationListener - Triggering deferred initialization of Spring Data repositories…
20:19:00.090 [restartedMain] INFO  o.s.d.r.c.DeferredRepositoryInitializationListener - Spring Data repositories initialized!
20:19:00.104 [restartedMain] INFO  c.b.d.api.BrqDesafioApiApplication - Started BrqDesafioApiApplication in 4.607 seconds (JVM running for 5.344)
20:19:00.158 [scheduling-1] INFO  o.s.b.c.l.support.SimpleJobLauncher - Job: [SimpleJob: [name=usuariosCSV]] launched with the following parameters: [{JobID=1597274340104, date=1597274340104}]
20:19:00.183 [scheduling-1] INFO  c.b.d.api.job.listener.JobListener - Iniciou o Job 1 (STARTED)
20:19:00.193 [scheduling-1] INFO  o.s.batch.core.job.SimpleStepHandler - Executing step: [step]
20:19:00.196 [scheduling-1] INFO  c.b.d.api.job.listener.StepListener - Inicio do passo step (STARTED)
20:19:00.207 [scheduling-1] INFO  c.b.d.a.j.l.StepItemReadListener - Iniciou a leitura dos dados
20:19:00.210 [scheduling-1] INFO  c.b.d.a.j.l.StepItemReadListener - Registro lido
20:19:00.211 [scheduling-1] INFO  c.b.d.a.j.l.StepItemReadListener - 1,johndoe@acme.com,1980-01-25
20:19:00.218 [scheduling-1] INFO  c.b.d.a.j.l.StepItemReadListener - Iniciou a leitura dos dados
20:19:00.219 [scheduling-1] INFO  c.b.d.a.j.l.StepItemReadListener - Registro lido
20:19:00.219 [scheduling-1] INFO  c.b.d.a.j.l.StepItemReadListener - 2,kiko.silva@xpto.com,2000-01-31
20:19:00.220 [scheduling-1] INFO  c.b.d.a.j.l.StepItemReadListener - Iniciou a leitura dos dados
20:19:00.220 [scheduling-1] INFO  c.b.d.a.j.l.StepItemReadListener - Registro lido
20:19:00.220 [scheduling-1] INFO  c.b.d.a.j.l.StepItemReadListener - 5,bruce@lee.com,1940-11-27
20:19:00.220 [scheduling-1] INFO  c.b.d.a.j.l.StepItemReadListener - Iniciou a leitura dos dados
20:19:00.221 [scheduling-1] INFO  c.b.d.a.j.l.StepItemReadListener - Registro lido
20:19:00.221 [scheduling-1] INFO  c.b.d.a.j.l.StepItemReadListener - 10,sue@ownen.com,1985-06-03
20:19:00.221 [scheduling-1] INFO  c.b.d.a.j.l.StepItemReadListener - Iniciou a leitura dos dados
20:19:00.222 [scheduling-1] INFO  c.b.d.a.j.l.StepItemReadListener - Registro lido
20:19:00.222 [scheduling-1] INFO  c.b.d.a.j.l.StepItemReadListener - 7,johndoe@acme.com,1980-01-25
20:19:00.222 [scheduling-1] INFO  c.b.d.a.j.l.StepItemReadListener - Iniciou a leitura dos dados
20:19:00.222 [scheduling-1] INFO  c.b.d.a.j.l.StepItemReadListener - Registro lido
20:19:00.222 [scheduling-1] INFO  c.b.d.a.j.l.StepItemReadListener - 1,janesmith@acme.com,1989-02-28
20:19:00.222 [scheduling-1] INFO  c.b.d.a.j.l.StepItemReadListener - Iniciou a leitura dos dados
20:19:00.226 [scheduling-1] INFO  c.b.d.a.j.l.StepItemWriteListener - Registros antes de incluir na base
20:19:00.226 [scheduling-1] INFO  c.b.d.a.j.l.StepItemWriteListener - 1,johndoe@acme.com,1980-01-25
20:19:00.226 [scheduling-1] INFO  c.b.d.a.j.l.StepItemWriteListener - 2,kiko.silva@xpto.com,2000-01-31
20:19:00.226 [scheduling-1] INFO  c.b.d.a.j.l.StepItemWriteListener - 5,bruce@lee.com,1940-11-27
20:19:00.226 [scheduling-1] INFO  c.b.d.a.j.l.StepItemWriteListener - 10,sue@ownen.com,1985-06-03
20:19:00.226 [scheduling-1] INFO  c.b.d.a.j.l.StepItemWriteListener - 7,johndoe@acme.com,1980-01-25
20:19:00.226 [scheduling-1] INFO  c.b.d.a.j.l.StepItemWriteListener - 1,janesmith@acme.com,1989-02-28
20:19:00.427 [scheduling-1] INFO  c.b.d.a.j.l.StepItemWriteListener - Registros incluido na base
20:19:00.427 [scheduling-1] INFO  c.b.d.a.j.l.StepItemWriteListener - 1,johndoe@acme.com,1980-01-25
20:19:00.427 [scheduling-1] INFO  c.b.d.a.j.l.StepItemWriteListener - 2,kiko.silva@xpto.com,2000-01-31
20:19:00.427 [scheduling-1] INFO  c.b.d.a.j.l.StepItemWriteListener - 5,bruce@lee.com,1940-11-27
20:19:00.427 [scheduling-1] INFO  c.b.d.a.j.l.StepItemWriteListener - 10,sue@ownen.com,1985-06-03
20:19:00.427 [scheduling-1] INFO  c.b.d.a.j.l.StepItemWriteListener - 7,johndoe@acme.com,1980-01-25
20:19:00.427 [scheduling-1] INFO  c.b.d.a.j.l.StepItemWriteListener - 1,janesmith@acme.com,1989-02-28
20:19:00.432 [scheduling-1] INFO  c.b.d.api.job.listener.StepListener - Fim do passo step (COMPLETED)
20:19:00.435 [scheduling-1] INFO  o.s.batch.core.step.AbstractStep - Step: [step] executed in 241ms
20:19:00.444 [scheduling-1] INFO  o.s.batch.core.job.SimpleStepHandler - Executing step: [backupArquivos]
20:19:00.447 [scheduling-1] INFO  c.b.d.api.job.listener.StepListener - Inicio do passo backupArquivos (STARTED)
20:19:00.455 [scheduling-1] INFO  c.b.d.api.job.listener.StepListener - Fim do passo backupArquivos (COMPLETED)
20:19:00.456 [scheduling-1] INFO  o.s.batch.core.step.AbstractStep - Step: [backupArquivos] executed in 12ms
20:19:00.459 [scheduling-1] INFO  c.b.d.api.job.listener.JobListener - Iniciou o Job 1 (COMPLETED)
20:19:00.461 [scheduling-1] INFO  o.s.b.c.l.support.SimpleJobLauncher - Job: [SimpleJob: [name=usuariosCSV]] completed with the following parameters: [{JobID=1597274340104, date=1597274340104}] and the following status: [COMPLETED] in 285ms
20:19:30.118 [scheduling-1] INFO  o.s.b.c.l.support.SimpleJobLauncher - Job: [SimpleJob: [name=usuariosCSV]] launched with the following parameters: [{JobID=1597274370101, date=1597274370101}]
20:19:30.122 [scheduling-1] INFO  c.b.d.api.job.listener.JobListener - Iniciou o Job 2 (STARTED)
20:19:30.131 [scheduling-1] INFO  o.s.batch.core.job.SimpleStepHandler - Executing step: [step]
20:19:30.133 [scheduling-1] INFO  c.b.d.api.job.listener.StepListener - Inicio do passo step (STARTED)
20:19:30.135 [scheduling-1] INFO  c.b.d.a.j.l.StepItemReadListener - Iniciou a leitura dos dados
20:19:30.135 [scheduling-1] ERROR c.b.d.a.j.l.StepItemReadListener - Erro ao ler registro
20:19:30.135 [scheduling-1] ERROR c.b.d.a.j.l.StepItemReadListener - Failed to initialize the reader
20:19:30.135 [scheduling-1] INFO  c.b.d.a.j.l.StepItemReadListener - Iniciou a leitura dos dados
20:19:30.136 [scheduling-1] ERROR c.b.d.a.j.listener.StepSkipListener - Erro skip: 
20:19:30.136 [scheduling-1] ERROR c.b.d.a.j.listener.StepSkipListener - Failed to initialize the reader
20:19:30.138 [scheduling-1] INFO  c.b.d.api.job.listener.StepListener - Fim do passo step (COMPLETED)
20:19:30.139 [scheduling-1] INFO  o.s.batch.core.step.AbstractStep - Step: [step] executed in 8ms
20:19:30.148 [scheduling-1] INFO  o.s.batch.core.job.SimpleStepHandler - Executing step: [backupArquivos]
20:19:30.150 [scheduling-1] INFO  c.b.d.api.job.listener.StepListener - Inicio do passo backupArquivos (STARTED)
20:19:30.153 [scheduling-1] INFO  c.b.d.api.job.listener.StepListener - Fim do passo backupArquivos (COMPLETED)
20:19:30.154 [scheduling-1] INFO  o.s.batch.core.step.AbstractStep - Step: [backupArquivos] executed in 6ms
20:19:30.156 [scheduling-1] INFO  c.b.d.api.job.listener.JobListener - Iniciou o Job 2 (COMPLETED)
20:19:30.157 [scheduling-1] INFO  o.s.b.c.l.support.SimpleJobLauncher - Job: [SimpleJob: [name=usuariosCSV]] completed with the following parameters: [{JobID=1597274370101, date=1597274370101}] and the following status: [COMPLETED] in 37ms
20:20:00.116 [scheduling-1] INFO  o.s.b.c.l.support.SimpleJobLauncher - Job: [SimpleJob: [name=usuariosCSV]] launched with the following parameters: [{JobID=1597274400101, date=1597274400101}]
20:20:00.125 [scheduling-1] INFO  c.b.d.api.job.listener.JobListener - Iniciou o Job 3 (STARTED)
20:20:00.133 [scheduling-1] INFO  o.s.batch.core.job.SimpleStepHandler - Executing step: [step]
20:20:00.136 [scheduling-1] INFO  c.b.d.api.job.listener.StepListener - Inicio do passo step (STARTED)
20:20:00.137 [scheduling-1] INFO  c.b.d.a.j.l.StepItemReadListener - Iniciou a leitura dos dados
20:20:00.137 [scheduling-1] ERROR c.b.d.a.j.l.StepItemReadListener - Erro ao ler registro
20:20:00.137 [scheduling-1] ERROR c.b.d.a.j.l.StepItemReadListener - Failed to initialize the reader
20:20:00.138 [scheduling-1] INFO  c.b.d.a.j.l.StepItemReadListener - Iniciou a leitura dos dados
20:20:00.138 [scheduling-1] ERROR c.b.d.a.j.listener.StepSkipListener - Erro skip: 
20:20:00.138 [scheduling-1] ERROR c.b.d.a.j.listener.StepSkipListener - Failed to initialize the reader
20:20:00.139 [scheduling-1] INFO  c.b.d.api.job.listener.StepListener - Fim do passo step (COMPLETED)
20:20:00.140 [scheduling-1] INFO  o.s.batch.core.step.AbstractStep - Step: [step] executed in 6ms
20:20:00.148 [scheduling-1] INFO  o.s.batch.core.job.SimpleStepHandler - Executing step: [backupArquivos]
20:20:00.150 [scheduling-1] INFO  c.b.d.api.job.listener.StepListener - Inicio do passo backupArquivos (STARTED)
20:20:00.152 [scheduling-1] INFO  c.b.d.api.job.listener.StepListener - Fim do passo backupArquivos (COMPLETED)
20:20:00.153 [scheduling-1] INFO  o.s.batch.core.step.AbstractStep - Step: [backupArquivos] executed in 5ms
20:20:00.154 [scheduling-1] INFO  c.b.d.api.job.listener.JobListener - Iniciou o Job 3 (COMPLETED)
20:20:00.156 [scheduling-1] INFO  o.s.b.c.l.support.SimpleJobLauncher - Job: [SimpleJob: [name=usuariosCSV]] completed with the following parameters: [{JobID=1597274400101, date=1597274400101}] and the following status: [COMPLETED] in 37ms
20:20:30.118 [scheduling-1] INFO  o.s.b.c.l.support.SimpleJobLauncher - Job: [SimpleJob: [name=usuariosCSV]] launched with the following parameters: [{JobID=1597274430101, date=1597274430101}]
20:20:30.122 [scheduling-1] INFO  c.b.d.api.job.listener.JobListener - Iniciou o Job 4 (STARTED)
20:20:30.131 [scheduling-1] INFO  o.s.batch.core.job.SimpleStepHandler - Executing step: [step]
20:20:30.132 [scheduling-1] INFO  c.b.d.api.job.listener.StepListener - Inicio do passo step (STARTED)
20:20:30.134 [scheduling-1] INFO  c.b.d.a.j.l.StepItemReadListener - Iniciou a leitura dos dados
20:20:30.134 [scheduling-1] ERROR c.b.d.a.j.l.StepItemReadListener - Erro ao ler registro
20:20:30.134 [scheduling-1] ERROR c.b.d.a.j.l.StepItemReadListener - Failed to initialize the reader
20:20:30.134 [scheduling-1] INFO  c.b.d.a.j.l.StepItemReadListener - Iniciou a leitura dos dados
20:20:30.134 [scheduling-1] ERROR c.b.d.a.j.listener.StepSkipListener - Erro skip: 
20:20:30.135 [scheduling-1] ERROR c.b.d.a.j.listener.StepSkipListener - Failed to initialize the reader
20:20:30.136 [scheduling-1] INFO  c.b.d.api.job.listener.StepListener - Fim do passo step (COMPLETED)
20:20:30.137 [scheduling-1] INFO  o.s.batch.core.step.AbstractStep - Step: [step] executed in 6ms
20:20:30.147 [scheduling-1] INFO  o.s.batch.core.job.SimpleStepHandler - Executing step: [backupArquivos]
20:20:30.149 [scheduling-1] INFO  c.b.d.api.job.listener.StepListener - Inicio do passo backupArquivos (STARTED)
20:20:30.152 [scheduling-1] INFO  c.b.d.api.job.listener.StepListener - Fim do passo backupArquivos (COMPLETED)
20:20:30.153 [scheduling-1] INFO  o.s.batch.core.step.AbstractStep - Step: [backupArquivos] executed in 6ms
20:20:30.155 [scheduling-1] INFO  c.b.d.api.job.listener.JobListener - Iniciou o Job 4 (COMPLETED)
20:20:30.156 [scheduling-1] INFO  o.s.b.c.l.support.SimpleJobLauncher - Job: [SimpleJob: [name=usuariosCSV]] completed with the following parameters: [{JobID=1597274430101, date=1597274430101}] and the following status: [COMPLETED] in 37ms
20:21:00.112 [scheduling-1] INFO  o.s.b.c.l.support.SimpleJobLauncher - Job: [SimpleJob: [name=usuariosCSV]] launched with the following parameters: [{JobID=1597274460101, date=1597274460101}]
20:21:00.119 [scheduling-1] INFO  c.b.d.api.job.listener.JobListener - Iniciou o Job 5 (STARTED)
20:21:00.129 [scheduling-1] INFO  o.s.batch.core.job.SimpleStepHandler - Executing step: [step]
20:21:00.132 [scheduling-1] INFO  c.b.d.api.job.listener.StepListener - Inicio do passo step (STARTED)
20:21:00.133 [scheduling-1] INFO  c.b.d.a.j.l.StepItemReadListener - Iniciou a leitura dos dados
20:21:00.133 [scheduling-1] ERROR c.b.d.a.j.l.StepItemReadListener - Erro ao ler registro
20:21:00.133 [scheduling-1] ERROR c.b.d.a.j.l.StepItemReadListener - Failed to initialize the reader
20:21:00.133 [scheduling-1] INFO  c.b.d.a.j.l.StepItemReadListener - Iniciou a leitura dos dados
20:21:00.134 [scheduling-1] ERROR c.b.d.a.j.listener.StepSkipListener - Erro skip: 
20:21:00.134 [scheduling-1] ERROR c.b.d.a.j.listener.StepSkipListener - Failed to initialize the reader
20:21:00.136 [scheduling-1] INFO  c.b.d.api.job.listener.StepListener - Fim do passo step (COMPLETED)
20:21:00.137 [scheduling-1] INFO  o.s.batch.core.step.AbstractStep - Step: [step] executed in 8ms
20:21:00.142 [scheduling-1] INFO  o.s.batch.core.job.SimpleStepHandler - Executing step: [backupArquivos]
20:21:00.144 [scheduling-1] INFO  c.b.d.api.job.listener.StepListener - Inicio do passo backupArquivos (STARTED)
20:21:00.147 [scheduling-1] INFO  c.b.d.api.job.listener.StepListener - Fim do passo backupArquivos (COMPLETED)
20:21:00.148 [scheduling-1] INFO  o.s.batch.core.step.AbstractStep - Step: [backupArquivos] executed in 6ms
20:21:00.150 [scheduling-1] INFO  c.b.d.api.job.listener.JobListener - Iniciou o Job 5 (COMPLETED)
20:21:00.151 [scheduling-1] INFO  o.s.b.c.l.support.SimpleJobLauncher - Job: [SimpleJob: [name=usuariosCSV]] completed with the following parameters: [{JobID=1597274460101, date=1597274460101}] and the following status: [COMPLETED] in 37ms
20:21:30.114 [scheduling-1] INFO  o.s.b.c.l.support.SimpleJobLauncher - Job: [SimpleJob: [name=usuariosCSV]] launched with the following parameters: [{JobID=1597274490101, date=1597274490101}]
20:21:30.118 [scheduling-1] INFO  c.b.d.api.job.listener.JobListener - Iniciou o Job 6 (STARTED)
20:21:30.123 [scheduling-1] INFO  o.s.batch.core.job.SimpleStepHandler - Executing step: [step]
20:21:30.126 [scheduling-1] INFO  c.b.d.api.job.listener.StepListener - Inicio do passo step (STARTED)
20:21:30.127 [scheduling-1] INFO  c.b.d.a.j.l.StepItemReadListener - Iniciou a leitura dos dados
20:21:30.128 [scheduling-1] ERROR c.b.d.a.j.l.StepItemReadListener - Erro ao ler registro
20:21:30.128 [scheduling-1] ERROR c.b.d.a.j.l.StepItemReadListener - Failed to initialize the reader
20:21:30.128 [scheduling-1] INFO  c.b.d.a.j.l.StepItemReadListener - Iniciou a leitura dos dados
20:21:30.128 [scheduling-1] ERROR c.b.d.a.j.listener.StepSkipListener - Erro skip: 
20:21:30.128 [scheduling-1] ERROR c.b.d.a.j.listener.StepSkipListener - Failed to initialize the reader
20:21:30.129 [scheduling-1] INFO  c.b.d.api.job.listener.StepListener - Fim do passo step (COMPLETED)
20:21:30.131 [scheduling-1] INFO  o.s.batch.core.step.AbstractStep - Step: [step] executed in 8ms
20:21:30.141 [scheduling-1] INFO  o.s.batch.core.job.SimpleStepHandler - Executing step: [backupArquivos]
20:21:30.144 [scheduling-1] INFO  c.b.d.api.job.listener.StepListener - Inicio do passo backupArquivos (STARTED)
20:21:30.146 [scheduling-1] INFO  c.b.d.api.job.listener.StepListener - Fim do passo backupArquivos (COMPLETED)
20:21:30.147 [scheduling-1] INFO  o.s.batch.core.step.AbstractStep - Step: [backupArquivos] executed in 5ms
20:21:30.149 [scheduling-1] INFO  c.b.d.api.job.listener.JobListener - Iniciou o Job 6 (COMPLETED)
20:21:30.150 [scheduling-1] INFO  o.s.b.c.l.support.SimpleJobLauncher - Job: [SimpleJob: [name=usuariosCSV]] completed with the following parameters: [{JobID=1597274490101, date=1597274490101}] and the following status: [COMPLETED] in 33ms
20:21:49.232 [RMI TCP Connection(12)-127.0.0.1] INFO  o.s.b.a.SpringApplicationAdminMXBeanRegistrar$SpringApplicationAdmin - Application shutdown requested.
20:21:49.259 [RMI TCP Connection(12)-127.0.0.1] INFO  o.s.o.j.LocalContainerEntityManagerFactoryBean - Closing JPA EntityManagerFactory for persistence unit 'default'
20:21:49.261 [RMI TCP Connection(12)-127.0.0.1] INFO  o.s.s.c.ThreadPoolTaskScheduler - Shutting down ExecutorService 'taskScheduler'
20:21:49.262 [RMI TCP Connection(12)-127.0.0.1] INFO  o.s.s.c.ThreadPoolTaskExecutor - Shutting down ExecutorService 'applicationTaskExecutor'
20:21:49.379 [HikariPool-1 connection adder] ERROR com.zaxxer.hikari.pool.HikariPool - HikariPool-1 - Error thrown while acquiring connection from data source
org.h2.jdbc.JdbcSQLNonTransientConnectionException: The database is open in exclusive mode; can not open additional connections [90135-200]
	at org.h2.message.DbException.getJdbcSQLException(DbException.java:622)
	at org.h2.message.DbException.getJdbcSQLException(DbException.java:429)
	at org.h2.message.DbException.get(DbException.java:205)
	at org.h2.message.DbException.get(DbException.java:181)
	at org.h2.message.DbException.get(DbException.java:170)
	at org.h2.engine.Session.checkSuspended(Session.java:1369)
	at org.h2.engine.Session.isOpen(Session.java:1303)
	at org.h2.engine.Session.waitIfExclusiveModeEnabled(Session.java:1639)
	at org.h2.command.Command.executeQuery(Command.java:186)
	at org.h2.jdbc.JdbcConnection.isReadOnly(JdbcConnection.java:631)
	at com.zaxxer.hikari.pool.PoolBase.setupConnection(PoolBase.java:402)
	at com.zaxxer.hikari.pool.PoolBase.newConnection(PoolBase.java:363)
	at com.zaxxer.hikari.pool.PoolBase.newPoolEntry(PoolBase.java:206)
	at com.zaxxer.hikari.pool.HikariPool.createPoolEntry(HikariPool.java:477)
	at com.zaxxer.hikari.pool.HikariPool.access$100(HikariPool.java:71)
	at com.zaxxer.hikari.pool.HikariPool$PoolEntryCreator.call(HikariPool.java:725)
	at com.zaxxer.hikari.pool.HikariPool$PoolEntryCreator.call(HikariPool.java:711)
	at java.util.concurrent.FutureTask.run(FutureTask.java:266)
	at java.util.concurrent.ThreadPoolExecutor.runWorker(ThreadPoolExecutor.java:1149)
	at java.util.concurrent.ThreadPoolExecutor$Worker.run(ThreadPoolExecutor.java:624)
	at java.lang.Thread.run(Thread.java:748)
20:21:49.470 [RMI TCP Connection(12)-127.0.0.1] WARN  o.s.b.f.s.DisposableBeanAdapter - Invocation of destroy method failed on bean with name 'inMemoryDatabaseShutdownExecutor': org.h2.jdbc.JdbcSQLNonTransientConnectionException: Database is already closed (to disable automatic closing at VM shutdown, add ";DB_CLOSE_ON_EXIT=FALSE" to the db URL) [90121-200]
20:21:49.470 [RMI TCP Connection(12)-127.0.0.1] INFO  com.zaxxer.hikari.HikariDataSource - HikariPool-1 - Shutdown initiated...
20:21:49.633 [RMI TCP Connection(12)-127.0.0.1] INFO  com.zaxxer.hikari.HikariDataSource - HikariPool-1 - Shutdown completed.
